[debug] [2021-02-18T07:09:43.856Z] ----------------------------------------------------------------------
[debug] [2021-02-18T07:09:43.858Z] Command:       C:\Program Files (x86)\nodejs\node.exe C:\Users\Tharika\AppData\Roaming\npm\node_modules\firebase-tools\lib\bin\firebase.js init
[debug] [2021-02-18T07:09:43.858Z] CLI Version:   9.3.0
[debug] [2021-02-18T07:09:43.858Z] Platform:      win32
[debug] [2021-02-18T07:09:43.858Z] Node Version:  v14.15.5
[debug] [2021-02-18T07:09:43.859Z] Time:          Thu Feb 18 2021 12:39:43 GMT+0530 (India Standard Time)
[debug] [2021-02-18T07:09:43.859Z] ----------------------------------------------------------------------
[debug] [2021-02-18T07:09:43.859Z] 
[debug] [2021-02-18T07:09:43.864Z] > command requires scopes: ["email","openid","https://www.googleapis.com/auth/cloudplatformprojects.readonly","https://www.googleapis.com/auth/firebase","https://www.googleapis.com/auth/cloud-platform"]
[debug] [2021-02-18T07:09:43.864Z] > authorizing via signed-in user
[info] 
     ######## #### ########  ######## ########     ###     ######  ########
     ##        ##  ##     ## ##       ##     ##  ##   ##  ##       ##
     ######    ##  ########  ######   ########  #########  ######  ######
     ##        ##  ##    ##  ##       ##     ## ##     ##       ## ##
     ##       #### ##     ## ######## ########  ##     ##  ######  ########

You're about to initialize a Firebase project in this directory:

  D:\Finaltry\finaltry

Before we get started, keep in mind:

  * You are initializing in an existing Firebase project directory

[info] 
=== Project Setup
[info] 
[info] First, let's associate this project directory with a Firebase project.
[info] You can create multiple project aliases by running firebase use --add, 
[info] but for now we'll just set up a default project.
[info] 
[info] i  .firebaserc already has a default project, using sample-project-8b20b. 
[debug] [2021-02-18T07:09:52.805Z] > refreshing access token with scopes: []
[debug] [2021-02-18T07:09:52.806Z] >>> HTTP REQUEST POST https://www.googleapis.com/oauth2/v3/token  
 <request body omitted>
[debug] [2021-02-18T07:09:53.166Z] <<< HTTP RESPONSE 200 {"cache-control":"no-cache, no-store, max-age=0, must-revalidate","pragma":"no-cache","date":"Thu, 18 Feb 2021 07:09:53 GMT","expires":"Mon, 01 Jan 1990 00:00:00 GMT","content-type":"application/json; charset=utf-8","vary":"X-Origin, Referer, Origin,Accept-Encoding","server":"scaffolding on HTTPServer2","x-xss-protection":"0","x-frame-options":"SAMEORIGIN","x-content-type-options":"nosniff","alt-svc":"h3-29=\":443\"; ma=2592000,h3-T051=\":443\"; ma=2592000,h3-Q050=\":443\"; ma=2592000,h3-Q046=\":443\"; ma=2592000,h3-Q043=\":443\"; ma=2592000,quic=\":443\"; ma=2592000; v=\"46,43\"","accept-ranges":"none","transfer-encoding":"chunked"}
[debug] [2021-02-18T07:09:53.175Z] >>> [apiv2][query] GET https://firebase.googleapis.com/v1beta1/projects/sample-project-8b20b [none]
[debug] [2021-02-18T07:09:53.669Z] <<< [apiv2][status] GET https://firebase.googleapis.com/v1beta1/projects/sample-project-8b20b 200
[debug] [2021-02-18T07:09:53.670Z] <<< [apiv2][body] GET https://firebase.googleapis.com/v1beta1/projects/sample-project-8b20b {"projectId":"sample-project-8b20b","projectNumber":"156355357789","displayName":"Sample-Project","name":"projects/sample-project-8b20b","resources":{"hostingSite":"sample-project-8b20b","storageBucket":"sample-project-8b20b.appspot.com","locationId":"us-central"},"state":"ACTIVE"}
[info] 
=== Hosting Setup
[info] 
[info] Your public directory is the folder (relative to your project directory) that
[info] will contain Hosting assets to be uploaded with firebase deploy. If you
[info] have a build process for your assets, use your build's output directory.
[info] 
[debug] [2021-02-18T07:10:05.639Z] >>> [apiv2][query] GET https://www.gstatic.com/firebasejs/releases.json [none]
[debug] [2021-02-18T07:10:05.937Z] <<< [apiv2][status] GET https://www.gstatic.com/firebasejs/releases.json 200
[debug] [2021-02-18T07:10:05.938Z] <<< [apiv2][body] GET https://www.gstatic.com/firebasejs/releases.json {"current":{"version":"8.2.7","browserURL":"https://www.gstatic.com/firebasejs/8.2.7/firebase.js","packageURL":"https://www.gstatic.com/firebasejs/8.2.7/firebase.tgz"},"live":{"version":"8.2","browserURL":"https://www.gstatic.com/firebasejs/live/8.2/firebase.js","packageURL":"https://www.gstatic.com/firebasejs/live/8.2/firebase.tgz"},"components":{"analytics":"https://www.gstatic.com/firebasejs/8.2.7/firebase-analytics.js","app":"https://www.gstatic.com/firebasejs/8.2.7/firebase-app.js","auth":"https://www.gstatic.com/firebasejs/8.2.7/firebase-auth.js","database":"https://www.gstatic.com/firebasejs/8.2.7/firebase-database.js","firestore":"https://www.gstatic.com/firebasejs/8.2.7/firebase-firestore.js","functions":"https://www.gstatic.com/firebasejs/8.2.7/firebase-functions.js","installations":"https://www.gstatic.com/firebasejs/8.2.7/firebase-installations.js","messaging":"https://www.gstatic.com/firebasejs/8.2.7/firebase-messaging.js","storage":"https://www.gstatic.com/firebasejs/8.2.7/firebase-storage.js","performance":"https://www.gstatic.com/firebasejs/8.2.7/firebase-performance.js","remote-config":"https://www.gstatic.com/firebasejs/8.2.7/firebase-remote-config.js","firestore.memory":"https://www.gstatic.com/firebasejs/8.2.7/firebase-firestore.memory.js"}}
[info] +  Wrote build/index.html 
[info] 
[info] i  Detected a .git folder at D:\Finaltry\finaltry 
[info] i  Authorizing with GitHub to upload your service account to a GitHub repository's secrets store. 
[info] 
[info] Visit this URL on this device to log in:
[info] https://github.com/login/oauth/authorize?client_id=89cf50f02ac6aaed3484&state=782968070&redirect_uri=http%3A%2F%2Flocalhost%3A9005&scope=read%3Auser%20repo%20public_repo
[info] 
[info] Waiting for authentication...
[debug] [2021-02-18T07:11:51.411Z] >>> HTTP REQUEST POST https://github.com/login/oauth/access_token  
 {"client_id":"89cf50f02ac6aaed3484","client_secret":"3330d14abc895d9a74d5f17cd7a00711fa2c5bf0","code":"b4241f023be7e1369378","redirect_uri":"http://localhost:9005","state":"782968070"}
[debug] [2021-02-18T07:11:51.979Z] <<< HTTP RESPONSE 200 {"server":"GitHub.com","date":"Thu, 18 Feb 2021 07:11:51 GMT","content-type":"application/json; charset=utf-8","vary":"X-PJAX, Accept-Encoding, Accept, X-Requested-With","etag":"W/\"9cad2e7ff556da648976348983a0a275\"","cache-control":"max-age=0, private, must-revalidate","strict-transport-security":"max-age=31536000; includeSubdomains; preload","x-frame-options":"deny","x-content-type-options":"nosniff","x-xss-protection":"1; mode=block","referrer-policy":"origin-when-cross-origin, strict-origin-when-cross-origin","expect-ct":"max-age=2592000, report-uri=\"https://api.github.com/_private/browser/errors\"","content-security-policy":"default-src 'none'; base-uri 'self'; block-all-mixed-content; connect-src 'self' uploads.github.com www.githubstatus.com collector.githubapp.com api.github.com github-cloud.s3.amazonaws.com github-production-repository-file-5c1aeb.s3.amazonaws.com github-production-upload-manifest-file-7fdce7.s3.amazonaws.com github-production-user-asset-6210df.s3.amazonaws.com cdn.optimizely.com logx.optimizely.com/v1/events wss://alive.github.com; font-src github.githubassets.com; form-action 'self' github.com gist.github.com; frame-ancestors 'none'; frame-src render.githubusercontent.com; img-src 'self' data: github.githubassets.com identicons.github.com collector.githubapp.com github-cloud.s3.amazonaws.com user-images.githubusercontent.com/ *.githubusercontent.com; manifest-src 'self'; media-src 'none'; script-src github.githubassets.com; style-src 'unsafe-inline' github.githubassets.com; worker-src github.com/socket-worker-5029ae85.js gist.github.com/socket-worker-5029ae85.js","x-github-request-id":"F2AC:7538:15B116:183A9F:602E1337","transfer-encoding":"chunked"}
[debug] [2021-02-18T07:11:51.980Z] >>> [apiv2][query] GET https://api.github.com/user [none]
[debug] [2021-02-18T07:11:52.581Z] <<< [apiv2][status] GET https://api.github.com/user 200
[debug] [2021-02-18T07:11:52.582Z] <<< [apiv2][body] GET https://api.github.com/user {"login":"TharikaVijayangi","id":53176224,"node_id":"MDQ6VXNlcjUzMTc2MjI0","avatar_url":"https://avatars.githubusercontent.com/u/53176224?v=4","gravatar_id":"","url":"https://api.github.com/users/TharikaVijayangi","html_url":"https://github.com/TharikaVijayangi","followers_url":"https://api.github.com/users/TharikaVijayangi/followers","following_url":"https://api.github.com/users/TharikaVijayangi/following{/other_user}","gists_url":"https://api.github.com/users/TharikaVijayangi/gists{/gist_id}","starred_url":"https://api.github.com/users/TharikaVijayangi/starred{/owner}{/repo}","subscriptions_url":"https://api.github.com/users/TharikaVijayangi/subscriptions","organizations_url":"https://api.github.com/users/TharikaVijayangi/orgs","repos_url":"https://api.github.com/users/TharikaVijayangi/repos","events_url":"https://api.github.com/users/TharikaVijayangi/events{/privacy}","received_events_url":"https://api.github.com/users/TharikaVijayangi/received_events","type":"User","site_admin":false,"name":null,"company":null,"blog":"","location":null,"email":null,"hireable":null,"bio":null,"twitter_username":null,"public_repos":7,"public_gists":0,"followers":4,"following":3,"created_at":"2019-07-22T10:41:37Z","updated_at":"2021-02-18T07:11:50Z","private_gists":0,"total_private_repos":0,"owned_private_repos":0,"disk_usage":326,"collaborators":0,"two_factor_authentication":false,"plan":{"name":"free","space":976562499,"collaborators":0,"private_repos":10000}}
[info] 
[info] +  Success! Logged into GitHub as TharikaVijayangi 
[info] 
